Loading cuda/12.3.0/gcc/11.3.0/zen2
  Loading requirement: gcc/11.3.0
============================================================
Starting job train_dino  (Job ID: 14603726)
Running on host: gpu-b9-2.zaratan.umd.edu
Cores per task: 4
GPUs allocated : 0
Job started at : Mon Oct 27 23:46:09 EDT 2025
Working directory: /scratch/zt1/project/heng-prj/user/ddewan/AID/TeamAID
============================================================

Mon Oct 27 23:46:09 2025       
+-----------------------------------------------------------------------------------------+
| NVIDIA-SMI 575.57.08              Driver Version: 575.57.08      CUDA Version: 12.9     |
|-----------------------------------------+------------------------+----------------------+
| GPU  Name                 Persistence-M | Bus-Id          Disp.A | Volatile Uncorr. ECC |
| Fan  Temp   Perf          Pwr:Usage/Cap |           Memory-Usage | GPU-Util  Compute M. |
|                                         |                        |               MIG M. |
|=========================================+========================+======================|
|   0  NVIDIA A100-SXM4-40GB          Off |   00000000:C1:00.0 Off |                    0 |
| N/A   32C    P0             54W /  400W |       0MiB /  40960MiB |      0%      Default |
|                                         |                        |             Disabled |
+-----------------------------------------+------------------------+----------------------+
                                                                                         
+-----------------------------------------------------------------------------------------+
| Processes:                                                                              |
|  GPU   GI   CI              PID   Type   Process name                        GPU Memory |
|        ID   ID                                                               Usage      |
|=========================================================================================|
|  No running processes found                                                             |
+-----------------------------------------------------------------------------------------+

1
/home/ddewan/miniconda3/envs/aid/lib/python3.10/site-packages/torchvision/models/_utils.py:208: UserWarning: The parameter 'pretrained' is deprecated since 0.13 and may be removed in the future, please use 'weights' instead.
  warnings.warn(
/home/ddewan/miniconda3/envs/aid/lib/python3.10/site-packages/torchvision/models/_utils.py:223: UserWarning: Arguments other than a weight enum or `None` for 'weights' are deprecated since 0.13 and may be removed in the future. The current behavior is equivalent to passing `weights=None`.
  warnings.warn(msg)
Train Dataset Size:  2638
Warning: Failed to fetch from internet; trying local repo...
Using device: cuda
torch.cuda.is_available(): True
torch.cuda.device_count(): 1
torch.version.cuda: 12.8
Current CUDA device name: NVIDIA A100-SXM4-40GB
Epoch 1
-------------------------------
loss: 0.699667  [   64/ 2638]
loss: 0.559517  [ 2638/ 2638]
Epoch 2
-------------------------------
loss: 0.150709  [   64/ 2638]
loss: 0.083814  [ 2638/ 2638]
Epoch 3
-------------------------------
loss: 0.121333  [   64/ 2638]
loss: 0.245672  [ 2638/ 2638]
Epoch 4
-------------------------------
loss: 0.062886  [   64/ 2638]
loss: 0.030620  [ 2638/ 2638]
Epoch 5
-------------------------------
loss: 0.042239  [   64/ 2638]
loss: 0.392374  [ 2638/ 2638]
Epoch 6
-------------------------------
loss: 0.158635  [   64/ 2638]
loss: 0.048576  [ 2638/ 2638]
Epoch 7
-------------------------------
loss: 0.026852  [   64/ 2638]
loss: 0.912702  [ 2638/ 2638]
Epoch 8
-------------------------------
loss: 0.060897  [   64/ 2638]
loss: 0.019222  [ 2638/ 2638]
Epoch 9
-------------------------------
loss: 0.024194  [   64/ 2638]
loss: 0.425560  [ 2638/ 2638]
Epoch 10
-------------------------------
loss: 0.075952  [   64/ 2638]
loss: 0.041793  [ 2638/ 2638]
Epoch 11
-------------------------------
loss: 0.043227  [   64/ 2638]
loss: 0.020127  [ 2638/ 2638]
Epoch 12
-------------------------------
loss: 0.002331  [   64/ 2638]
loss: 0.003098  [ 2638/ 2638]
Epoch 13
-------------------------------
loss: 0.001923  [   64/ 2638]
loss: 0.347442  [ 2638/ 2638]
Epoch 14
-------------------------------
loss: 0.008783  [   64/ 2638]
loss: 0.131923  [ 2638/ 2638]
Epoch 15
-------------------------------
loss: 0.035435  [   64/ 2638]
loss: 0.036958  [ 2638/ 2638]
Epoch 16
-------------------------------
loss: 0.009734  [   64/ 2638]
loss: 0.107525  [ 2638/ 2638]
Epoch 17
-------------------------------
loss: 0.039963  [   64/ 2638]
loss: 0.005204  [ 2638/ 2638]
Epoch 18
-------------------------------
loss: 0.012361  [   64/ 2638]
loss: 0.009215  [ 2638/ 2638]
Epoch 19
-------------------------------
loss: 0.051728  [   64/ 2638]
loss: 0.005382  [ 2638/ 2638]
Epoch 20
-------------------------------
loss: 0.007202  [   64/ 2638]
loss: 0.228593  [ 2638/ 2638]
Epoch 21
-------------------------------
loss: 0.003518  [   64/ 2638]
loss: 0.000920  [ 2638/ 2638]
Epoch 22
-------------------------------
loss: 0.005704  [   64/ 2638]
loss: 0.006648  [ 2638/ 2638]
Epoch 23
-------------------------------
loss: 0.026049  [   64/ 2638]
loss: 0.001672  [ 2638/ 2638]
Epoch 24
-------------------------------
loss: 0.002057  [   64/ 2638]
loss: 0.338246  [ 2638/ 2638]
Epoch 25
-------------------------------
loss: 0.001043  [   64/ 2638]
loss: 0.095182  [ 2638/ 2638]
Epoch 26
-------------------------------
loss: 0.008093  [   64/ 2638]
loss: 0.003672  [ 2638/ 2638]
Epoch 27
-------------------------------
loss: 0.010043  [   64/ 2638]
loss: 0.280390  [ 2638/ 2638]
Epoch 28
-------------------------------
loss: 0.005746  [   64/ 2638]
loss: 0.093883  [ 2638/ 2638]
Epoch 29
-------------------------------
loss: 0.046642  [   64/ 2638]
loss: 0.009863  [ 2638/ 2638]
Epoch 30
-------------------------------
loss: 0.007023  [   64/ 2638]
loss: 0.008012  [ 2638/ 2638]
Epoch 31
-------------------------------
loss: 0.001905  [   64/ 2638]
loss: 0.001311  [ 2638/ 2638]
Epoch 32
-------------------------------
loss: 0.002428  [   64/ 2638]
loss: 0.039776  [ 2638/ 2638]
Epoch 33
-------------------------------
loss: 0.002173  [   64/ 2638]
loss: 0.060695  [ 2638/ 2638]
Epoch 34
-------------------------------
loss: 0.012043  [   64/ 2638]
loss: 0.086061  [ 2638/ 2638]
Epoch 35
-------------------------------
loss: 0.012935  [   64/ 2638]
loss: 0.046044  [ 2638/ 2638]
Epoch 36
-------------------------------
loss: 0.001663  [   64/ 2638]
loss: 0.007285  [ 2638/ 2638]
Epoch 37
-------------------------------
loss: 0.020025  [   64/ 2638]
loss: 0.000394  [ 2638/ 2638]
Epoch 38
-------------------------------
loss: 0.005897  [   64/ 2638]
loss: 0.000429  [ 2638/ 2638]
Epoch 39
-------------------------------
loss: 0.015967  [   64/ 2638]
loss: 0.284787  [ 2638/ 2638]
Epoch 40
-------------------------------
loss: 0.042363  [   64/ 2638]
loss: 0.001086  [ 2638/ 2638]
Epoch 41
-------------------------------
loss: 0.015030  [   64/ 2638]
loss: 0.105467  [ 2638/ 2638]
Epoch 42
-------------------------------
loss: 0.009294  [   64/ 2638]
loss: 0.010629  [ 2638/ 2638]
Epoch 43
-------------------------------
loss: 0.032788  [   64/ 2638]
loss: 0.008388  [ 2638/ 2638]
Epoch 44
-------------------------------
loss: 0.015771  [   64/ 2638]
loss: 0.004597  [ 2638/ 2638]
Epoch 45
-------------------------------
loss: 0.001015  [   64/ 2638]
loss: 0.013684  [ 2638/ 2638]
Epoch 46
-------------------------------
loss: 0.001367  [   64/ 2638]
loss: 0.001530  [ 2638/ 2638]
Epoch 47
-------------------------------
loss: 0.006823  [   64/ 2638]
loss: 0.000072  [ 2638/ 2638]
Epoch 48
-------------------------------
loss: 0.014653  [   64/ 2638]
loss: 0.000028  [ 2638/ 2638]
Epoch 49
-------------------------------
loss: 0.026071  [   64/ 2638]
loss: 0.052458  [ 2638/ 2638]
Epoch 50
-------------------------------
loss: 0.005211  [   64/ 2638]
loss: 0.000281  [ 2638/ 2638]
Training Complete.

Job finished at: Tue Oct 28 00:01:12 EDT 2025
Exit code: 
============================================================
