Loading cuda/12.3.0/gcc/11.3.0/zen2
  Loading requirement: gcc/11.3.0
============================================================
Starting job train_dino  (Job ID: 14604263)
Running on host: gpu-b9-6.zaratan.umd.edu
Cores per task: 4
GPUs allocated : 0
Job started at : Tue Oct 28 00:40:07 EDT 2025
Working directory: /scratch/zt1/project/heng-prj/user/ddewan/AID/TeamAID
============================================================

Tue Oct 28 00:40:07 2025       
+-----------------------------------------------------------------------------------------+
| NVIDIA-SMI 575.57.08              Driver Version: 575.57.08      CUDA Version: 12.9     |
|-----------------------------------------+------------------------+----------------------+
| GPU  Name                 Persistence-M | Bus-Id          Disp.A | Volatile Uncorr. ECC |
| Fan  Temp   Perf          Pwr:Usage/Cap |           Memory-Usage | GPU-Util  Compute M. |
|                                         |                        |               MIG M. |
|=========================================+========================+======================|
|   0  NVIDIA A100-SXM4-40GB          Off |   00000000:C1:00.0 Off |                    0 |
| N/A   30C    P0             56W /  400W |       0MiB /  40960MiB |      0%      Default |
|                                         |                        |             Disabled |
+-----------------------------------------+------------------------+----------------------+
                                                                                         
+-----------------------------------------------------------------------------------------+
| Processes:                                                                              |
|  GPU   GI   CI              PID   Type   Process name                        GPU Memory |
|        ID   ID                                                               Usage      |
|=========================================================================================|
|  No running processes found                                                             |
+-----------------------------------------------------------------------------------------+

1
Train Dataset Size:  2638
Using device: cuda
torch.cuda.is_available(): True
torch.cuda.device_count(): 1
torch.version.cuda: 12.8
Current CUDA device name: NVIDIA A100-SXM4-40GB
Epoch 1
-------------------------------
loss: 0.726985  [   64/ 2638]
loss: 0.151008  [ 2638/ 2638]
Epoch 2
-------------------------------
loss: 0.330941  [   64/ 2638]
loss: 0.224982  [ 2638/ 2638]
Epoch 3
-------------------------------
loss: 0.184395  [   64/ 2638]
loss: 0.283771  [ 2638/ 2638]
Epoch 4
-------------------------------
loss: 0.137267  [   64/ 2638]
loss: 0.101775  [ 2638/ 2638]
Epoch 5
-------------------------------
loss: 0.074766  [   64/ 2638]
loss: 0.033077  [ 2638/ 2638]
Epoch 6
-------------------------------
loss: 0.097861  [   64/ 2638]
loss: 0.071109  [ 2638/ 2638]
Epoch 7
-------------------------------
loss: 0.094558  [   64/ 2638]
loss: 0.238072  [ 2638/ 2638]
Epoch 8
-------------------------------
loss: 0.120041  [   64/ 2638]
loss: 0.283173  [ 2638/ 2638]
Epoch 9
-------------------------------
loss: 0.133718  [   64/ 2638]
loss: 0.177617  [ 2638/ 2638]
Epoch 10
-------------------------------
loss: 0.156326  [   64/ 2638]
loss: 0.244808  [ 2638/ 2638]
Epoch 11
-------------------------------
loss: 0.053400  [   64/ 2638]
loss: 0.098782  [ 2638/ 2638]
Epoch 12
-------------------------------
loss: 0.053329  [   64/ 2638]
loss: 0.485934  [ 2638/ 2638]
Epoch 13
-------------------------------
loss: 0.064931  [   64/ 2638]
loss: 0.224008  [ 2638/ 2638]
Epoch 14
-------------------------------
loss: 0.027487  [   64/ 2638]
loss: 0.197361  [ 2638/ 2638]
Epoch 15
-------------------------------
loss: 0.012320  [   64/ 2638]
loss: 0.158393  [ 2638/ 2638]
Epoch 16
-------------------------------
loss: 0.042265  [   64/ 2638]
loss: 0.026748  [ 2638/ 2638]
Epoch 17
-------------------------------
loss: 0.009543  [   64/ 2638]
loss: 0.016094  [ 2638/ 2638]
Epoch 18
-------------------------------
loss: 0.024943  [   64/ 2638]
loss: 0.002838  [ 2638/ 2638]
Epoch 19
-------------------------------
loss: 0.028980  [   64/ 2638]
loss: 0.247168  [ 2638/ 2638]
Epoch 20
-------------------------------
loss: 0.012916  [   64/ 2638]
loss: 0.688091  [ 2638/ 2638]
Epoch 21
-------------------------------
loss: 0.065444  [   64/ 2638]
loss: 0.029211  [ 2638/ 2638]
Epoch 22
-------------------------------
loss: 0.008613  [   64/ 2638]
loss: 0.167424  [ 2638/ 2638]
Epoch 23
-------------------------------
loss: 0.027037  [   64/ 2638]
loss: 0.025604  [ 2638/ 2638]
Epoch 24
-------------------------------
loss: 0.023803  [   64/ 2638]
loss: 0.003737  [ 2638/ 2638]
Epoch 25
-------------------------------
loss: 0.035821  [   64/ 2638]
loss: 0.002628  [ 2638/ 2638]
Epoch 26
-------------------------------
loss: 0.030687  [   64/ 2638]
loss: 0.006083  [ 2638/ 2638]
Epoch 27
-------------------------------
loss: 0.017606  [   64/ 2638]
loss: 0.028289  [ 2638/ 2638]
Epoch 28
-------------------------------
loss: 0.013062  [   64/ 2638]
loss: 0.004125  [ 2638/ 2638]
Epoch 29
-------------------------------
loss: 0.010713  [   64/ 2638]
loss: 0.006317  [ 2638/ 2638]
Epoch 30
-------------------------------
loss: 0.016751  [   64/ 2638]
loss: 0.004859  [ 2638/ 2638]
Epoch 31
-------------------------------
loss: 0.013296  [   64/ 2638]
loss: 0.245941  [ 2638/ 2638]
Epoch 32
-------------------------------
loss: 0.044943  [   64/ 2638]
loss: 0.059458  [ 2638/ 2638]
Epoch 33
-------------------------------
loss: 0.027287  [   64/ 2638]
loss: 0.005295  [ 2638/ 2638]
Epoch 34
-------------------------------
loss: 0.030675  [   64/ 2638]
loss: 0.109248  [ 2638/ 2638]
Epoch 35
-------------------------------
loss: 0.003157  [   64/ 2638]
loss: 0.017607  [ 2638/ 2638]
Epoch 36
-------------------------------
loss: 0.084560  [   64/ 2638]
loss: 0.010551  [ 2638/ 2638]
Epoch 37
-------------------------------
loss: 0.008520  [   64/ 2638]
loss: 0.008010  [ 2638/ 2638]
Epoch 38
-------------------------------
loss: 0.001613  [   64/ 2638]
loss: 0.002655  [ 2638/ 2638]
Epoch 39
-------------------------------
loss: 0.006614  [   64/ 2638]
loss: 0.051388  [ 2638/ 2638]
Epoch 40
-------------------------------
loss: 0.002511  [   64/ 2638]
loss: 0.003286  [ 2638/ 2638]
Epoch 41
-------------------------------
loss: 0.009216  [   64/ 2638]
loss: 0.086420  [ 2638/ 2638]
Epoch 42
-------------------------------
loss: 0.034224  [   64/ 2638]
loss: 0.005903  [ 2638/ 2638]
Epoch 43
-------------------------------
loss: 0.010837  [   64/ 2638]
loss: 0.001381  [ 2638/ 2638]
Epoch 44
-------------------------------
loss: 0.003811  [   64/ 2638]
loss: 0.009959  [ 2638/ 2638]
Epoch 45
-------------------------------
loss: 0.053482  [   64/ 2638]
loss: 0.005638  [ 2638/ 2638]
Epoch 46
-------------------------------
loss: 0.234697  [   64/ 2638]
loss: 0.005691  [ 2638/ 2638]
Epoch 47
-------------------------------
loss: 0.030122  [   64/ 2638]
loss: 0.000548  [ 2638/ 2638]
Epoch 48
-------------------------------
loss: 0.002216  [   64/ 2638]
loss: 0.000833  [ 2638/ 2638]
Epoch 49
-------------------------------
loss: 0.003178  [   64/ 2638]
loss: 0.835202  [ 2638/ 2638]
Epoch 50
-------------------------------
loss: 0.005816  [   64/ 2638]
loss: 0.013892  [ 2638/ 2638]
Training Complete.

Job finished at: Tue Oct 28 00:58:08 EDT 2025
Exit code: 
============================================================
