Loading cuda/12.3.0/gcc/11.3.0/zen2
  Loading requirement: gcc/11.3.0
============================================================
Starting job train_dino  (Job ID: 14856683)
Running on host: gpu-b10-7.zaratan.umd.edu
Cores per task: 4
GPUs allocated : 0
Job started at : Fri Nov  7 13:50:39 EST 2025
Working directory: /scratch/zt1/project/heng-prj/user/ddewan/AID/TeamAID
============================================================

Fri Nov  7 13:50:39 2025       
+-----------------------------------------------------------------------------------------+
| NVIDIA-SMI 575.57.08              Driver Version: 575.57.08      CUDA Version: 12.9     |
|-----------------------------------------+------------------------+----------------------+
| GPU  Name                 Persistence-M | Bus-Id          Disp.A | Volatile Uncorr. ECC |
| Fan  Temp   Perf          Pwr:Usage/Cap |           Memory-Usage | GPU-Util  Compute M. |
|                                         |                        |               MIG M. |
|=========================================+========================+======================|
|   0  NVIDIA A100-SXM4-40GB          Off |   00000000:41:00.0 Off |                    0 |
| N/A   24C    P0             53W /  400W |       0MiB /  40960MiB |      0%      Default |
|                                         |                        |             Disabled |
+-----------------------------------------+------------------------+----------------------+
                                                                                         
+-----------------------------------------------------------------------------------------+
| Processes:                                                                              |
|  GPU   GI   CI              PID   Type   Process name                        GPU Memory |
|        ID   ID                                                               Usage      |
|=========================================================================================|
|  No running processes found                                                             |
+-----------------------------------------------------------------------------------------+

1
/home/ddewan/miniconda3/envs/aid/lib/python3.10/site-packages/torchvision/models/_utils.py:208: UserWarning: The parameter 'pretrained' is deprecated since 0.13 and may be removed in the future, please use 'weights' instead.
  warnings.warn(
/home/ddewan/miniconda3/envs/aid/lib/python3.10/site-packages/torchvision/models/_utils.py:223: UserWarning: Arguments other than a weight enum or `None` for 'weights' are deprecated since 0.13 and may be removed in the future. The current behavior is equivalent to passing `weights=None`.
  warnings.warn(msg)
Train Dataset Size:  2638
Warning: Failed to fetch from internet; trying local repo...
Using device: cuda
torch.cuda.is_available(): True
torch.cuda.device_count(): 1
torch.version.cuda: 12.8
Current CUDA device name: NVIDIA A100-SXM4-40GB
Epoch 1
-------------------------------
loss: 0.685844  [   64/ 2638]
loss: 0.246102  [ 2638/ 2638]
Epoch 2
-------------------------------
loss: 0.189365  [   64/ 2638]
loss: 0.187281  [ 2638/ 2638]
Epoch 3
-------------------------------
loss: 0.185303  [   64/ 2638]
loss: 0.102709  [ 2638/ 2638]
Epoch 4
-------------------------------
loss: 0.096401  [   64/ 2638]
loss: 0.151553  [ 2638/ 2638]
Epoch 5
-------------------------------
loss: 0.068100  [   64/ 2638]
loss: 0.187717  [ 2638/ 2638]
Epoch 6
-------------------------------
loss: 0.148469  [   64/ 2638]
loss: 0.059690  [ 2638/ 2638]
Epoch 7
-------------------------------
loss: 0.067994  [   64/ 2638]
loss: 0.012923  [ 2638/ 2638]
Epoch 8
-------------------------------
loss: 0.052766  [   64/ 2638]
loss: 0.313795  [ 2638/ 2638]
Epoch 9
-------------------------------
loss: 0.024020  [   64/ 2638]
loss: 0.265177  [ 2638/ 2638]
Epoch 10
-------------------------------
loss: 0.047915  [   64/ 2638]
loss: 0.006412  [ 2638/ 2638]
Epoch 11
-------------------------------
loss: 0.043769  [   64/ 2638]
loss: 0.093713  [ 2638/ 2638]
Epoch 12
-------------------------------
loss: 0.045104  [   64/ 2638]
loss: 0.128782  [ 2638/ 2638]
Epoch 13
-------------------------------
loss: 0.003340  [   64/ 2638]
loss: 0.151220  [ 2638/ 2638]
Epoch 14
-------------------------------
loss: 0.096948  [   64/ 2638]
loss: 0.291148  [ 2638/ 2638]
Epoch 15
-------------------------------
loss: 0.063293  [   64/ 2638]
loss: 0.156980  [ 2638/ 2638]
Epoch 16
-------------------------------
loss: 0.034286  [   64/ 2638]
loss: 0.011670  [ 2638/ 2638]
Epoch 17
-------------------------------
loss: 0.009186  [   64/ 2638]
loss: 0.285626  [ 2638/ 2638]
Epoch 18
-------------------------------
loss: 0.027180  [   64/ 2638]
loss: 0.019381  [ 2638/ 2638]
Epoch 19
-------------------------------
loss: 0.002871  [   64/ 2638]
loss: 0.766954  [ 2638/ 2638]
Epoch 20
-------------------------------
loss: 0.007542  [   64/ 2638]
loss: 0.000906  [ 2638/ 2638]
Epoch 21
-------------------------------
loss: 0.016393  [   64/ 2638]
loss: 0.060859  [ 2638/ 2638]
Epoch 22
-------------------------------
loss: 0.018999  [   64/ 2638]
loss: 0.056582  [ 2638/ 2638]
Epoch 23
-------------------------------
loss: 0.001068  [   64/ 2638]
loss: 0.631776  [ 2638/ 2638]
Epoch 24
-------------------------------
loss: 0.013908  [   64/ 2638]
loss: 0.032856  [ 2638/ 2638]
Epoch 25
-------------------------------
loss: 0.042568  [   64/ 2638]
loss: 0.010355  [ 2638/ 2638]
Epoch 26
-------------------------------
loss: 0.004500  [   64/ 2638]
loss: 0.007595  [ 2638/ 2638]
Epoch 27
-------------------------------
loss: 0.001512  [   64/ 2638]
loss: 0.008527  [ 2638/ 2638]
Epoch 28
-------------------------------
loss: 0.009305  [   64/ 2638]
loss: 0.005705  [ 2638/ 2638]
Epoch 29
-------------------------------
loss: 0.017001  [   64/ 2638]
loss: 0.012415  [ 2638/ 2638]
Epoch 30
-------------------------------
loss: 0.002013  [   64/ 2638]
loss: 0.001151  [ 2638/ 2638]
Epoch 31
-------------------------------
loss: 0.001342  [   64/ 2638]
loss: 0.000035  [ 2638/ 2638]
Epoch 32
-------------------------------
loss: 0.006845  [   64/ 2638]
loss: 0.016798  [ 2638/ 2638]
Epoch 33
-------------------------------
loss: 0.005917  [   64/ 2638]
loss: 0.819702  [ 2638/ 2638]
Epoch 34
-------------------------------
loss: 0.024009  [   64/ 2638]
loss: 0.005049  [ 2638/ 2638]
Epoch 35
-------------------------------
loss: 0.009183  [   64/ 2638]
loss: 0.056601  [ 2638/ 2638]
Epoch 36
-------------------------------
loss: 0.000826  [   64/ 2638]
loss: 0.024296  [ 2638/ 2638]
Epoch 37
-------------------------------
loss: 0.033562  [   64/ 2638]
loss: 0.002469  [ 2638/ 2638]
Epoch 38
-------------------------------
loss: 0.000766  [   64/ 2638]
loss: 0.025818  [ 2638/ 2638]
Epoch 39
-------------------------------
loss: 0.002656  [   64/ 2638]
loss: 0.007864  [ 2638/ 2638]
Epoch 40
-------------------------------
loss: 0.004623  [   64/ 2638]
loss: 0.017451  [ 2638/ 2638]
Epoch 41
-------------------------------
loss: 0.006269  [   64/ 2638]
loss: 0.029916  [ 2638/ 2638]
Epoch 42
-------------------------------
loss: 0.000761  [   64/ 2638]
loss: 0.000917  [ 2638/ 2638]
Epoch 43
-------------------------------
loss: 0.006623  [   64/ 2638]
loss: 0.004169  [ 2638/ 2638]
Epoch 44
-------------------------------
loss: 0.051723  [   64/ 2638]
loss: 0.003998  [ 2638/ 2638]
Epoch 45
-------------------------------
loss: 0.002918  [   64/ 2638]
loss: 0.012151  [ 2638/ 2638]
Epoch 46
-------------------------------
loss: 0.000556  [   64/ 2638]
loss: 0.004472  [ 2638/ 2638]
Epoch 47
-------------------------------
loss: 0.007724  [   64/ 2638]
loss: 0.000822  [ 2638/ 2638]
Epoch 48
-------------------------------
loss: 0.005165  [   64/ 2638]
loss: 0.065195  [ 2638/ 2638]
Epoch 49
-------------------------------
loss: 0.000133  [   64/ 2638]
loss: 0.000110  [ 2638/ 2638]
Epoch 50
-------------------------------
loss: 0.002036  [   64/ 2638]
loss: 1.487976  [ 2638/ 2638]
Training Complete.

Job finished at: Fri Nov  7 13:56:26 EST 2025
Exit code: 
============================================================
