Loading cuda/12.3.0/gcc/11.3.0/zen2
  Loading requirement: gcc/11.3.0
============================================================
Starting job train_dino  (Job ID: 14516530)
Running on host: gpu-b10-3.zaratan.umd.edu
Cores per task: 4
GPUs allocated : 0
Job started at : Wed Oct 22 21:19:14 EDT 2025
Working directory: /scratch/zt1/project/heng-prj/user/ddewan/AID/TeamAID
============================================================

Wed Oct 22 21:19:14 2025       
+-----------------------------------------------------------------------------------------+
| NVIDIA-SMI 575.57.08              Driver Version: 575.57.08      CUDA Version: 12.9     |
|-----------------------------------------+------------------------+----------------------+
| GPU  Name                 Persistence-M | Bus-Id          Disp.A | Volatile Uncorr. ECC |
| Fan  Temp   Perf          Pwr:Usage/Cap |           Memory-Usage | GPU-Util  Compute M. |
|                                         |                        |               MIG M. |
|=========================================+========================+======================|
|   0  NVIDIA A100-SXM4-40GB          Off |   00000000:81:00.0 Off |                    0 |
| N/A   29C    P0             54W /  400W |       0MiB /  40960MiB |      0%      Default |
|                                         |                        |             Disabled |
+-----------------------------------------+------------------------+----------------------+
                                                                                         
+-----------------------------------------------------------------------------------------+
| Processes:                                                                              |
|  GPU   GI   CI              PID   Type   Process name                        GPU Memory |
|        ID   ID                                                               Usage      |
|=========================================================================================|
|  No running processes found                                                             |
+-----------------------------------------------------------------------------------------+

1
Train Dataset Size:  2638
Using device: cuda
torch.cuda.is_available(): True
torch.cuda.device_count(): 1
torch.version.cuda: 12.8
Current CUDA device name: NVIDIA A100-SXM4-40GB
Epoch 1
-------------------------------
loss: 0.701387  [   64/ 2638]
loss: 0.147514  [ 2638/ 2638]
Epoch 2
-------------------------------
loss: 0.208018  [   64/ 2638]
loss: 0.098142  [ 2638/ 2638]
Epoch 3
-------------------------------
loss: 0.146105  [   64/ 2638]
loss: 0.035909  [ 2638/ 2638]
Epoch 4
-------------------------------
loss: 0.065761  [   64/ 2638]
loss: 0.116577  [ 2638/ 2638]
Epoch 5
-------------------------------
loss: 0.136461  [   64/ 2638]
loss: 0.180560  [ 2638/ 2638]
Epoch 6
-------------------------------
loss: 0.035077  [   64/ 2638]
loss: 0.025435  [ 2638/ 2638]
Epoch 7
-------------------------------
loss: 0.135639  [   64/ 2638]
loss: 0.354420  [ 2638/ 2638]
Epoch 8
-------------------------------
loss: 0.089405  [   64/ 2638]
loss: 0.145874  [ 2638/ 2638]
Epoch 9
-------------------------------
loss: 0.030672  [   64/ 2638]
loss: 0.022301  [ 2638/ 2638]
Epoch 10
-------------------------------
loss: 0.046344  [   64/ 2638]
loss: 0.262136  [ 2638/ 2638]
Epoch 11
-------------------------------
loss: 0.054353  [   64/ 2638]
loss: 0.020788  [ 2638/ 2638]
Epoch 12
-------------------------------
loss: 0.114952  [   64/ 2638]
loss: 0.266689  [ 2638/ 2638]
Epoch 13
-------------------------------
loss: 0.029195  [   64/ 2638]
loss: 0.219285  [ 2638/ 2638]
Epoch 14
-------------------------------
loss: 0.082120  [   64/ 2638]
loss: 0.047532  [ 2638/ 2638]
Epoch 15
-------------------------------
loss: 0.092817  [   64/ 2638]
loss: 0.216559  [ 2638/ 2638]
Epoch 16
-------------------------------
loss: 0.021778  [   64/ 2638]
loss: 0.029485  [ 2638/ 2638]
Epoch 17
-------------------------------
loss: 0.031664  [   64/ 2638]
loss: 0.031497  [ 2638/ 2638]
Epoch 18
-------------------------------
loss: 0.040730  [   64/ 2638]
loss: 0.195481  [ 2638/ 2638]
Epoch 19
-------------------------------
loss: 0.012061  [   64/ 2638]
loss: 0.005648  [ 2638/ 2638]
Epoch 20
-------------------------------
loss: 0.091850  [   64/ 2638]
loss: 0.421104  [ 2638/ 2638]
Epoch 21
-------------------------------
loss: 0.036510  [   64/ 2638]
loss: 0.073559  [ 2638/ 2638]
Epoch 22
-------------------------------
loss: 0.012845  [   64/ 2638]
loss: 0.231210  [ 2638/ 2638]
Epoch 23
-------------------------------
loss: 0.114536  [   64/ 2638]
loss: 0.018566  [ 2638/ 2638]
Epoch 24
-------------------------------
loss: 0.008914  [   64/ 2638]
loss: 0.009026  [ 2638/ 2638]
Epoch 25
-------------------------------
loss: 0.027922  [   64/ 2638]
loss: 0.078844  [ 2638/ 2638]
Epoch 26
-------------------------------
loss: 0.031644  [   64/ 2638]
loss: 0.030189  [ 2638/ 2638]
Epoch 27
-------------------------------
loss: 0.029502  [   64/ 2638]
loss: 0.000142  [ 2638/ 2638]
Epoch 28
-------------------------------
loss: 0.004602  [   64/ 2638]
loss: 0.000808  [ 2638/ 2638]
Epoch 29
-------------------------------
loss: 0.013997  [   64/ 2638]
loss: 0.003262  [ 2638/ 2638]
Epoch 30
-------------------------------
loss: 0.002877  [   64/ 2638]
loss: 0.057372  [ 2638/ 2638]
Epoch 31
-------------------------------
loss: 0.004657  [   64/ 2638]
loss: 0.019561  [ 2638/ 2638]
Epoch 32
-------------------------------
loss: 0.004724  [   64/ 2638]
loss: 0.034783  [ 2638/ 2638]
Epoch 33
-------------------------------
loss: 0.013463  [   64/ 2638]
loss: 0.188122  [ 2638/ 2638]
Epoch 34
-------------------------------
loss: 0.002157  [   64/ 2638]
loss: 0.024785  [ 2638/ 2638]
Epoch 35
-------------------------------
loss: 0.050262  [   64/ 2638]
loss: 0.010112  [ 2638/ 2638]
Epoch 36
-------------------------------
loss: 0.006433  [   64/ 2638]
loss: 0.000167  [ 2638/ 2638]
Epoch 37
-------------------------------
loss: 0.003665  [   64/ 2638]
loss: 0.014634  [ 2638/ 2638]
Epoch 38
-------------------------------
loss: 0.028282  [   64/ 2638]
loss: 0.019887  [ 2638/ 2638]
Epoch 39
-------------------------------
loss: 0.022498  [   64/ 2638]
loss: 0.286399  [ 2638/ 2638]
Epoch 40
-------------------------------
loss: 0.005178  [   64/ 2638]
loss: 0.043000  [ 2638/ 2638]
Epoch 41
-------------------------------
loss: 0.003546  [   64/ 2638]
loss: 0.005643  [ 2638/ 2638]
Epoch 42
-------------------------------
loss: 0.030962  [   64/ 2638]
loss: 0.001079  [ 2638/ 2638]
Epoch 43
-------------------------------
loss: 0.000335  [   64/ 2638]
loss: 0.021832  [ 2638/ 2638]
Epoch 44
-------------------------------
loss: 0.019312  [   64/ 2638]
loss: 0.001411  [ 2638/ 2638]
Epoch 45
-------------------------------
loss: 0.014933  [   64/ 2638]
loss: 0.204675  [ 2638/ 2638]
Epoch 46
-------------------------------
loss: 0.000601  [   64/ 2638]
loss: 0.000113  [ 2638/ 2638]
Epoch 47
-------------------------------
loss: 0.007024  [   64/ 2638]
loss: 0.007360  [ 2638/ 2638]
Epoch 48
-------------------------------
loss: 0.003312  [   64/ 2638]
loss: 0.001248  [ 2638/ 2638]
Epoch 49
-------------------------------
loss: 0.007967  [   64/ 2638]
loss: 0.001191  [ 2638/ 2638]
Epoch 50
-------------------------------
loss: 0.000780  [   64/ 2638]
loss: 0.000796  [ 2638/ 2638]
Training Complete.

Job finished at: Wed Oct 22 21:25:04 EDT 2025
Exit code: 
============================================================
