Loading cuda/12.3.0/gcc/11.3.0/zen2
  Loading requirement: gcc/11.3.0
============================================================
Starting job train_supervised  (Job ID: 14856677)
Running on host: gpu-b10-7.zaratan.umd.edu
Cores per task: 4
GPUs allocated : 0
Job started at : Fri Nov  7 13:43:01 EST 2025
Working directory: /scratch/zt1/project/heng-prj/user/ddewan/AID/TeamAID
============================================================

Fri Nov  7 13:43:01 2025       
+-----------------------------------------------------------------------------------------+
| NVIDIA-SMI 575.57.08              Driver Version: 575.57.08      CUDA Version: 12.9     |
|-----------------------------------------+------------------------+----------------------+
| GPU  Name                 Persistence-M | Bus-Id          Disp.A | Volatile Uncorr. ECC |
| Fan  Temp   Perf          Pwr:Usage/Cap |           Memory-Usage | GPU-Util  Compute M. |
|                                         |                        |               MIG M. |
|=========================================+========================+======================|
|   0  NVIDIA A100-SXM4-40GB          Off |   00000000:41:00.0 Off |                    0 |
| N/A   21C    P0             52W /  400W |       0MiB /  40960MiB |      0%      Default |
|                                         |                        |             Disabled |
+-----------------------------------------+------------------------+----------------------+
                                                                                         
+-----------------------------------------------------------------------------------------+
| Processes:                                                                              |
|  GPU   GI   CI              PID   Type   Process name                        GPU Memory |
|        ID   ID                                                               Usage      |
|=========================================================================================|
|  No running processes found                                                             |
+-----------------------------------------------------------------------------------------+

1
Train Dataset Size:  2638
Using device: cuda
torch.cuda.is_available(): True
torch.cuda.device_count(): 1
torch.version.cuda: 12.8
Current CUDA device name: NVIDIA A100-SXM4-40GB
Epoch 1
-------------------------------
loss: 0.691253  [   64/ 2638]
loss: 0.240334  [ 2638/ 2638]
Epoch 2
-------------------------------
loss: 0.292088  [   64/ 2638]
loss: 0.349043  [ 2638/ 2638]
Epoch 3
-------------------------------
loss: 0.114755  [   64/ 2638]
loss: 0.165620  [ 2638/ 2638]
Epoch 4
-------------------------------
loss: 0.107288  [   64/ 2638]
loss: 0.199074  [ 2638/ 2638]
Epoch 5
-------------------------------
loss: 0.073817  [   64/ 2638]
loss: 0.091954  [ 2638/ 2638]
Epoch 6
-------------------------------
loss: 0.111993  [   64/ 2638]
loss: 0.073507  [ 2638/ 2638]
Epoch 7
-------------------------------
loss: 0.083195  [   64/ 2638]
loss: 0.583349  [ 2638/ 2638]
Epoch 8
-------------------------------
loss: 0.076057  [   64/ 2638]
loss: 0.145228  [ 2638/ 2638]
Epoch 9
-------------------------------
loss: 0.207901  [   64/ 2638]
loss: 0.183633  [ 2638/ 2638]
Epoch 10
-------------------------------
loss: 0.031511  [   64/ 2638]
loss: 0.090064  [ 2638/ 2638]
Epoch 11
-------------------------------
loss: 0.060001  [   64/ 2638]
loss: 0.124474  [ 2638/ 2638]
Epoch 12
-------------------------------
loss: 0.029745  [   64/ 2638]
loss: 0.004841  [ 2638/ 2638]
Epoch 13
-------------------------------
loss: 0.063202  [   64/ 2638]
loss: 0.022876  [ 2638/ 2638]
Epoch 14
-------------------------------
loss: 0.064407  [   64/ 2638]
loss: 0.112232  [ 2638/ 2638]
Epoch 15
-------------------------------
loss: 0.040572  [   64/ 2638]
loss: 0.010956  [ 2638/ 2638]
Epoch 16
-------------------------------
loss: 0.044844  [   64/ 2638]
loss: 0.261747  [ 2638/ 2638]
Epoch 17
-------------------------------
loss: 0.135237  [   64/ 2638]
loss: 0.064718  [ 2638/ 2638]
Epoch 18
-------------------------------
loss: 0.025650  [   64/ 2638]
loss: 0.027713  [ 2638/ 2638]
Epoch 19
-------------------------------
loss: 0.019786  [   64/ 2638]
loss: 0.000574  [ 2638/ 2638]
Epoch 20
-------------------------------
loss: 0.021875  [   64/ 2638]
loss: 0.301215  [ 2638/ 2638]
Epoch 21
-------------------------------
loss: 0.018828  [   64/ 2638]
loss: 0.001037  [ 2638/ 2638]
Epoch 22
-------------------------------
loss: 0.011506  [   64/ 2638]
loss: 0.574265  [ 2638/ 2638]
Epoch 23
-------------------------------
loss: 0.010055  [   64/ 2638]
loss: 0.066619  [ 2638/ 2638]
Epoch 24
-------------------------------
loss: 0.050049  [   64/ 2638]
loss: 0.000911  [ 2638/ 2638]
Epoch 25
-------------------------------
loss: 0.018196  [   64/ 2638]
loss: 0.007453  [ 2638/ 2638]
Epoch 26
-------------------------------
loss: 0.019699  [   64/ 2638]
loss: 0.034118  [ 2638/ 2638]
Epoch 27
-------------------------------
loss: 0.017718  [   64/ 2638]
loss: 0.002835  [ 2638/ 2638]
Epoch 28
-------------------------------
loss: 0.045814  [   64/ 2638]
loss: 0.356208  [ 2638/ 2638]
Epoch 29
-------------------------------
loss: 0.010827  [   64/ 2638]
loss: 0.147260  [ 2638/ 2638]
Epoch 30
-------------------------------
loss: 0.034408  [   64/ 2638]
loss: 0.074773  [ 2638/ 2638]
Epoch 31
-------------------------------
loss: 0.026573  [   64/ 2638]
loss: 0.108257  [ 2638/ 2638]
Epoch 32
-------------------------------
loss: 0.003284  [   64/ 2638]
loss: 0.034688  [ 2638/ 2638]
Epoch 33
-------------------------------
loss: 0.012173  [   64/ 2638]
loss: 0.052222  [ 2638/ 2638]
Epoch 34
-------------------------------
loss: 0.010958  [   64/ 2638]
loss: 0.143071  [ 2638/ 2638]
Epoch 35
-------------------------------
loss: 0.036553  [   64/ 2638]
loss: 0.048620  [ 2638/ 2638]
Epoch 36
-------------------------------
loss: 0.005457  [   64/ 2638]
loss: 0.001313  [ 2638/ 2638]
Epoch 37
-------------------------------
loss: 0.022387  [   64/ 2638]
loss: 0.007122  [ 2638/ 2638]
Epoch 38
-------------------------------
loss: 0.062380  [   64/ 2638]
loss: 0.017823  [ 2638/ 2638]
Epoch 39
-------------------------------
loss: 0.052440  [   64/ 2638]
loss: 0.621192  [ 2638/ 2638]
Epoch 40
-------------------------------
loss: 0.001466  [   64/ 2638]
loss: 0.006636  [ 2638/ 2638]
Epoch 41
-------------------------------
loss: 0.002062  [   64/ 2638]
loss: 0.001520  [ 2638/ 2638]
Epoch 42
-------------------------------
loss: 0.005404  [   64/ 2638]
loss: 0.004313  [ 2638/ 2638]
Epoch 43
-------------------------------
loss: 0.015144  [   64/ 2638]
loss: 0.000829  [ 2638/ 2638]
Epoch 44
-------------------------------
loss: 0.017641  [   64/ 2638]
loss: 0.001460  [ 2638/ 2638]
Epoch 45
-------------------------------
loss: 0.001316  [   64/ 2638]
loss: 0.086439  [ 2638/ 2638]
Epoch 46
-------------------------------
loss: 0.005781  [   64/ 2638]
loss: 0.007390  [ 2638/ 2638]
Epoch 47
-------------------------------
loss: 0.014535  [   64/ 2638]
loss: 0.000243  [ 2638/ 2638]
Epoch 48
-------------------------------
loss: 0.000504  [   64/ 2638]
loss: 0.029790  [ 2638/ 2638]
Epoch 49
-------------------------------
loss: 0.000651  [   64/ 2638]
loss: 0.011380  [ 2638/ 2638]
Epoch 50
-------------------------------
loss: 0.002978  [   64/ 2638]
loss: 0.000632  [ 2638/ 2638]
Training Complete.

Job finished at: Fri Nov  7 13:50:10 EST 2025
Exit code: 
============================================================
